2024-06-22 12:06:564 INFO  HomePage :32 - Clicking on login link : [[ChromeDriver: chrome on windows (1a883a26a92acebfb65c8f8cb0102473)] -> link text: Log in]
2024-06-22 12:06:763 INFO  LoginPage :39 - Getting text from : [[ChromeDriver: chrome on windows (1a883a26a92acebfb65c8f8cb0102473)] -> xpath: //h1[contains(text(),'Welcome, Please Sign In!')]]
2024-06-22 12:06:575 INFO  HomePage :32 - Clicking on login link : [[ChromeDriver: chrome on windows (de473903a060b7175dc9a805f8996b35)] -> link text: Log in]
2024-06-22 12:06:756 INFO  LoginPage :39 - Getting text from : [[ChromeDriver: chrome on windows (de473903a060b7175dc9a805f8996b35)] -> xpath: //h1[contains(text(),'Welcome, Please Sign In!')]]
2024-06-22 12:06:449 INFO  HomePage :32 - Clicking on login link : [[ChromeDriver: chrome on windows (0689d6c0ccaa98a4f8a66763c0f5cae8)] -> link text: Log in]
2024-06-22 12:06:408 INFO  HomePage :32 - Clicking on login link : [[ChromeDriver: chrome on windows (4cc3b60ac7cedefe8f2dc68be062d93f)] -> link text: Log in]
2024-06-22 12:06:680 INFO  LoginPage :39 - Getting text from : [[ChromeDriver: chrome on windows (4cc3b60ac7cedefe8f2dc68be062d93f)] -> xpath: //h1[contains(text(),'Welcome, Please Sign In!')]]
2024-06-22 12:06:519 INFO  HomePage :32 - Clicking on login link : [[ChromeDriver: chrome on windows (56bcbd884015336fdc9718edfc42d8b7)] -> link text: Log in]
2024-06-22 12:06:182 INFO  HomePage :32 - Clicking on login link : [[ChromeDriver: chrome on windows (b932f5288fd4818176e6c5a1cf5003c1)] -> link text: Log in]
2024-06-22 12:06:595 INFO  HomePage :32 - Clicking on login link : [[ChromeDriver: chrome on windows (1a7b3fcfb6d6b2eee1fe9420cbb18515)] -> link text: Log in]
2024-06-22 12:06:788 INFO  HomePage :32 - Clicking on login link : [[ChromeDriver: chrome on windows (9da1f7f80effd8584e98df475f626748)] -> link text: Log in]
2024-06-22 12:06:582 INFO  HomePage :32 - Clicking on login link : [[ChromeDriver: chrome on windows (6b2a7a4842d877766344aa113be59f26)] -> link text: Log in]
2024-06-22 13:06:494 INFO  HomePage :32 - Clicking on login link : [[ChromeDriver: chrome on windows (5dff8526928ab12acee20400a2344bc3)] -> link text: Log in]
2024-06-22 13:06:604 INFO  LoginPage :39 - Getting text from : [[ChromeDriver: chrome on windows (5dff8526928ab12acee20400a2344bc3)] -> xpath: //h1[contains(text(),'Welcome, Please Sign In!')]]
2024-06-22 13:06:400 INFO  HomePage :32 - Clicking on login link : [[ChromeDriver: chrome on windows (2e831971a902085d8fb6bcd5a49c35f5)] -> link text: Log in]
2024-06-22 13:06:503 INFO  LoginPage :39 - Getting text from : [[ChromeDriver: chrome on windows (2e831971a902085d8fb6bcd5a49c35f5)] -> xpath: //h1[contains(text(),'Welcome, Please Sign In!')]]
2024-06-22 13:06:745 INFO  HomePage :32 - Clicking on login link : [[ChromeDriver: chrome on windows (2e869d32654a2b5e27481b528a10b5a8)] -> link text: Log in]
2024-06-22 13:06:732 WARN  FileSystemFontProvider :607 - New fonts found, font cache will be re-built
2024-06-22 13:06:734 WARN  FileSystemFontProvider :360 - Building on-disk font cache, this may take a while
2024-06-22 13:06:18 WARN  FileSystemFontProvider :363 - Finished building on-disk font cache, found 396 fonts
2024-06-22 14:06:645 INFO  HomePage :32 - Clicking on login link : [[ChromeDriver: chrome on windows (3c7d98246ea05f6e05d0829b3c833f6f)] -> link text: Log in]
2024-06-22 14:06:821 INFO  LoginPage :39 - Getting text from : [[ChromeDriver: chrome on windows (3c7d98246ea05f6e05d0829b3c833f6f)] -> xpath: //h1[contains(text(),'Welcome, Please Sign In!')]]
2024-06-22 14:06:855 INFO  HomePage :32 - Clicking on login link : [[ChromeDriver: chrome on windows (c6c615ada3aba497250556c5f21f4f8a)] -> link text: Log in]
2024-06-22 14:06:474 INFO  HomePage :32 - Clicking on login link : [[ChromeDriver: chrome on windows (dca1043bce5e386950818a84e2e5cf65)] -> link text: Log in]
2024-06-22 14:06:510 INFO  HomePage :32 - Clicking on login link : [[ChromeDriver: chrome on windows (ea575dbb767836d8461770825b604066)] -> link text: Log in]
2024-06-22 14:06:992 INFO  HomePage :32 - Clicking on login link : [[ChromeDriver: chrome on windows (c8d5e3cccea9a8d7b11f0eb7120033be)] -> link text: Log in]
2024-06-22 14:06:71 INFO  HomePage :32 - Clicking on login link : [[ChromeDriver: chrome on windows (7eefa92b7a76936f6a0a4732f91e2abb)] -> link text: Log in]
2024-06-22 14:06:246 INFO  LoginPage :39 - Getting text from : [[ChromeDriver: chrome on windows (7eefa92b7a76936f6a0a4732f91e2abb)] -> xpath: //h1[contains(text(),'Welcome, Please Sign In!')]]
2024-06-22 14:06:362 INFO  HomePage :32 - Clicking on login link : [[ChromeDriver: chrome on windows (225aabb43da6b955521db413d0605c82)] -> link text: Log in]
2024-06-22 14:06:746 INFO  HomePage :32 - Clicking on login link : [[ChromeDriver: chrome on windows (661d9aca06f1b5c49be9ab6ec3503734)] -> link text: Log in]
2024-06-22 14:06:454 INFO  HomePage :32 - Clicking on login link : [[ChromeDriver: chrome on windows (60704e9663d0140028eb1fbdc9582916)] -> link text: Log in]
2024-06-22 14:06:767 INFO  HomePage :32 - Clicking on login link : [[ChromeDriver: chrome on windows (9769d51931a9fe8397931cd28c22682c)] -> link text: Log in]
2024-06-22 14:06:394 INFO  HomePage :32 - Clicking on login link : [[ChromeDriver: chrome on windows (28854e4b427839a84a77b249a3e5a416)] -> link text: Log in]
2024-06-22 14:06:745 INFO  LoginPage :39 - Getting text from : [[ChromeDriver: chrome on windows (28854e4b427839a84a77b249a3e5a416)] -> xpath: //h1[contains(text(),'Welcome, Please Sign In!')]]
2024-06-22 14:06:980 INFO  HomePage :32 - Clicking on login link : [[ChromeDriver: chrome on windows (aa95d6d0c4404116de78afe23cb50276)] -> link text: Log in]
2024-06-22 14:06:842 INFO  HomePage :32 - Clicking on login link : [[ChromeDriver: chrome on windows (4cca227d95b95fc944d31e535e9259ab)] -> link text: Log in]
2024-06-22 14:06:620 INFO  HomePage :32 - Clicking on login link : [[ChromeDriver: chrome on windows (36fb321aea0a4c71950a4128c8c3b0ff)] -> link text: Log in]
2024-06-22 14:06:551 INFO  HomePage :32 - Clicking on login link : [[ChromeDriver: chrome on windows (6cc2dec0decce909a42d1d1fe8446120)] -> link text: Log in]
2024-06-22 14:06:28 INFO  HomePage :32 - Clicking on login link : [[ChromeDriver: chrome on windows (c487e66fbfe04fe9948343c64ed556e9)] -> link text: Log in]
2024-06-22 14:06:111 INFO  LoginPage :39 - Getting text from : [[ChromeDriver: chrome on windows (c487e66fbfe04fe9948343c64ed556e9)] -> xpath: //h1[contains(text(),'Welcome, Please Sign In!')]]
2024-06-22 14:06:626 INFO  HomePage :32 - Clicking on login link : [[ChromeDriver: chrome on windows (3492117cce39c2fac7869baf61c52f18)] -> link text: Log in]
2024-06-22 14:06:776 INFO  HomePage :32 - Clicking on login link : [[ChromeDriver: chrome on windows (5c1618f23bad37d972790fe8d689b2cd)] -> link text: Log in]
2024-06-22 14:06:153 INFO  HomePage :32 - Clicking on login link : [[ChromeDriver: chrome on windows (d24bad46f22ef2d10ddfde1c73af880b)] -> link text: Log in]
2024-06-22 14:06:825 INFO  HomePage :32 - Clicking on login link : [[ChromeDriver: chrome on windows (dc0cbefdf1f6117661d2f933872d6a78)] -> link text: Log in]
2024-06-22 15:06:738 INFO  HomePage :32 - Clicking on login link : [[ChromeDriver: chrome on windows (efbb761b0da458300eae0a017ff202eb)] -> link text: Log in]
2024-06-22 15:06:859 INFO  LoginPage :39 - Getting text from : [[ChromeDriver: chrome on windows (efbb761b0da458300eae0a017ff202eb)] -> xpath: //h1[contains(text(),'Welcome, Please Sign In!')]]
2024-06-22 15:06:957 INFO  HomePage :32 - Clicking on login link : [[ChromeDriver: chrome on windows (9d5846f84a1139b469b2792a3eefad81)] -> link text: Log in]
2024-06-22 15:06:363 WARN  FileSystemFontProvider :607 - New fonts found, font cache will be re-built
2024-06-22 15:06:367 WARN  FileSystemFontProvider :360 - Building on-disk font cache, this may take a while
2024-06-22 15:06:355 WARN  FileSystemFontProvider :363 - Finished building on-disk font cache, found 396 fonts
2024-06-22 15:06:954 INFO  HomePage :32 - Clicking on login link : [[ChromeDriver: chrome on windows (6a563e37890e35c1488d4ff73f1592ab)] -> link text: Log in]
2024-06-22 15:06:403 INFO  LoginPage :39 - Getting text from : [[ChromeDriver: chrome on windows (6a563e37890e35c1488d4ff73f1592ab)] -> xpath: //h1[contains(text(),'Welcome, Please Sign In!')]]
2024-06-22 15:06:82 INFO  HomePage :32 - Clicking on login link : [[ChromeDriver: chrome on windows (e7c04f1362933ea0210819710e583c97)] -> link text: Log in]
2024-06-22 15:06:572 INFO  HomePage :32 - Clicking on login link : [[ChromeDriver: chrome on windows (f6041fd0ec77d925647b7fef280ddbea)] -> link text: Log in]
2024-06-22 15:06:19 INFO  LoginPage :39 - Getting text from : [[ChromeDriver: chrome on windows (f6041fd0ec77d925647b7fef280ddbea)] -> xpath: //h1[contains(text(),'Welcome, Please Sign In!')]]
2024-06-22 16:06:554 INFO  HomePage :32 - Clicking on login link : [[ChromeDriver: chrome on windows (67829db9e628d81e4b3be88e2d53fe96)] -> link text: Log in]
2024-06-24 17:06:683 INFO  HomePage :29 - Clicking on login link : [[ChromeDriver: chrome on windows (1aa6c3136f88750f622b3f6f915e1bc4)] -> link text: Log in]
2024-06-24 17:06:80 INFO  LoginPage :46 - Getting text from : [[ChromeDriver: chrome on windows (1aa6c3136f88750f622b3f6f915e1bc4)] -> xpath: //h1[contains(text(),'Welcome, Please Sign In!')]]
2024-06-24 17:06:857 INFO  HomePage :29 - Clicking on login link : [[ChromeDriver: chrome on windows (a33fe7b1db238c58d9b416a438501d1b)] -> link text: Log in]
2024-06-24 17:06:362 INFO  HomePage :29 - Clicking on login link : [[ChromeDriver: chrome on windows (f7ed686eef9ccfac45cf13797a1e2e65)] -> link text: Log in]
2024-06-24 17:06:171 INFO  HomePage :29 - Clicking on login link : [[ChromeDriver: chrome on windows (0390bf6604b6deb8963d8c14be6e9fae)] -> link text: Log in]
2024-06-24 17:06:906 INFO  HomePage :29 - Clicking on login link : [[ChromeDriver: chrome on windows (8446d871ff6690dd950ab7b2b0f0ef67)] -> link text: Log in]
2024-06-24 17:06:162 INFO  HomePage :29 - Clicking on login link : [[ChromeDriver: chrome on windows (27fe2223cfed6ea2b2f07001a63750e5)] -> link text: Log in]
2024-06-24 20:06:215 INFO  HomePage :20 - Get computers text[[ChromeDriver: chrome on windows (59e56a1bc8f2708e5534af99a62cfa06)] -> link text: Computers]
2024-06-24 20:06:647 INFO  HomePage :25 - Click on desktop[[ChromeDriver: chrome on windows (ca472a2e53af12fc51232cb685abd845)] -> xpath: //a[text()=' Desktops ']]
2024-06-24 20:06:123 INFO  HomePage :21 - Get desktop text[[ChromeDriver: chrome on windows (ca472a2e53af12fc51232cb685abd845)] -> link text: Desktops]
2024-06-24 20:06:582 INFO  HomePage :25 - Click on desktop[[ChromeDriver: chrome on windows (1ed6c37214ea2d1a41208e591ac7c3e0)] -> xpath: //a[text()=' Desktops ']]
2024-06-24 20:06:621 INFO  HomePage :27 - Clicking on build your own computer link : [[ChromeDriver: chrome on windows (1ed6c37214ea2d1a41208e591ac7c3e0)] -> link text: Build your own computer]
2024-06-24 20:06:741 INFO  BuildYourOwnComputerPage :40 - Select Processor[[ChromeDriver: chrome on windows (1ed6c37214ea2d1a41208e591ac7c3e0)] -> id: product_attribute_1]
2024-06-24 20:06:827 INFO  BuildYourOwnComputerPage :46 - Select ram[[ChromeDriver: chrome on windows (1ed6c37214ea2d1a41208e591ac7c3e0)] -> id: product_attribute_2]
2024-06-24 20:06:831 INFO  BuildYourOwnComputerPage :62 - Select HDD
2024-06-24 20:06:888 INFO  BuildYourOwnComputerPage :67 - Select OS
2024-06-24 20:06:939 INFO  BuildYourOwnComputerPage :72 - Select Software
2024-06-24 20:06:38 INFO  BuildYourOwnComputerPage :51 - Clicking on add to cart button : [[ChromeDriver: chrome on windows (1ed6c37214ea2d1a41208e591ac7c3e0)] -> id: add-to-cart-button-1]
2024-06-24 20:06:311 INFO  BuildYourOwnComputerPage :56 - Get add to cart text[[ChromeDriver: chrome on windows (1ed6c37214ea2d1a41208e591ac7c3e0)] -> xpath: //body/div[@id='bar-notification']/div[1]/p[1]]
2024-06-24 20:06:697 INFO  HomePage :25 - Click on desktop[[ChromeDriver: chrome on windows (d0fbea9bd809f82f5a34d2fe2a77b134)] -> xpath: //a[text()=' Desktops ']]
2024-06-24 20:06:846 INFO  HomePage :27 - Clicking on build your own computer link : [[ChromeDriver: chrome on windows (d0fbea9bd809f82f5a34d2fe2a77b134)] -> link text: Build your own computer]
2024-06-24 20:06:939 INFO  BuildYourOwnComputerPage :40 - Select Processor[[ChromeDriver: chrome on windows (d0fbea9bd809f82f5a34d2fe2a77b134)] -> id: product_attribute_1]
2024-06-24 20:06:36 INFO  BuildYourOwnComputerPage :46 - Select ram[[ChromeDriver: chrome on windows (d0fbea9bd809f82f5a34d2fe2a77b134)] -> id: product_attribute_2]
2024-06-24 20:06:39 INFO  BuildYourOwnComputerPage :62 - Select HDD
2024-06-24 20:06:103 INFO  BuildYourOwnComputerPage :67 - Select OS
2024-06-24 20:06:153 INFO  BuildYourOwnComputerPage :72 - Select Software
2024-06-24 20:06:239 INFO  BuildYourOwnComputerPage :51 - Clicking on add to cart button : [[ChromeDriver: chrome on windows (d0fbea9bd809f82f5a34d2fe2a77b134)] -> id: add-to-cart-button-1]
2024-06-24 20:06:540 INFO  BuildYourOwnComputerPage :56 - Get add to cart text[[ChromeDriver: chrome on windows (d0fbea9bd809f82f5a34d2fe2a77b134)] -> xpath: //body/div[@id='bar-notification']/div[1]/p[1]]
2024-06-24 20:06:893 INFO  HomePage :25 - Click on desktop[[ChromeDriver: chrome on windows (da5a4288e4804841c7056feb9605dfab)] -> xpath: //a[text()=' Desktops ']]
2024-06-24 20:06:901 INFO  HomePage :27 - Clicking on build your own computer link : [[ChromeDriver: chrome on windows (da5a4288e4804841c7056feb9605dfab)] -> link text: Build your own computer]
2024-06-24 20:06:09 INFO  BuildYourOwnComputerPage :40 - Select Processor[[ChromeDriver: chrome on windows (da5a4288e4804841c7056feb9605dfab)] -> id: product_attribute_1]
2024-06-24 20:06:98 INFO  BuildYourOwnComputerPage :46 - Select ram[[ChromeDriver: chrome on windows (da5a4288e4804841c7056feb9605dfab)] -> id: product_attribute_2]
2024-06-24 20:06:100 INFO  BuildYourOwnComputerPage :62 - Select HDD
2024-06-24 20:06:158 INFO  BuildYourOwnComputerPage :67 - Select OS
2024-06-24 20:06:208 INFO  BuildYourOwnComputerPage :72 - Select Software
2024-06-24 20:06:296 INFO  BuildYourOwnComputerPage :51 - Clicking on add to cart button : [[ChromeDriver: chrome on windows (da5a4288e4804841c7056feb9605dfab)] -> id: add-to-cart-button-1]
2024-06-24 20:06:614 INFO  BuildYourOwnComputerPage :56 - Get add to cart text[[ChromeDriver: chrome on windows (da5a4288e4804841c7056feb9605dfab)] -> xpath: //body/div[@id='bar-notification']/div[1]/p[1]]
2024-06-24 20:06:805 INFO  HomePage :29 - Clicking on login link : [[ChromeDriver: chrome on windows (ab52d11a3092d93912122e856157349e)] -> link text: Log in]
2024-06-24 20:06:841 INFO  LoginPage :44 - Getting text from : [[ChromeDriver: chrome on windows (ab52d11a3092d93912122e856157349e)] -> xpath: //h1[contains(text(),'Welcome, Please Sign In!')]]
2024-06-24 20:06:92 INFO  HomePage :29 - Clicking on login link : [[ChromeDriver: chrome on windows (821b10c448a18af27c2973f1f9d8d30b)] -> link text: Log in]
2024-06-24 20:06:898 INFO  HomePage :29 - Clicking on login link : [[ChromeDriver: chrome on windows (3d62b09f08138d065b98655336777c30)] -> link text: Log in]
2024-06-24 20:06:697 INFO  HomePage :29 - Clicking on login link : [[ChromeDriver: chrome on windows (d7be496e9a06426094af9a14be1419cc)] -> link text: Log in]
2024-06-24 20:06:503 INFO  HomePage :29 - Clicking on login link : [[ChromeDriver: chrome on windows (68b5c1f41831d7f4c698093226c54d9e)] -> link text: Log in]
2024-06-24 20:06:235 INFO  HomePage :29 - Clicking on login link : [[ChromeDriver: chrome on windows (732b7639bc8e7590a09ff96185546f48)] -> link text: Log in]
2024-06-24 20:06:892 INFO  LoginPage :71 - Getting text from : [[ChromeDriver: chrome on windows (732b7639bc8e7590a09ff96185546f48)] -> link text: Log in]
2024-06-24 20:06:641 INFO  HomePage :34 - Clicking on register link : [[ChromeDriver: chrome on windows (f533c19d39e5c204f4803a5764570fc8)] -> link text: Register]
2024-06-24 20:06:422 INFO  HomePage :34 - Clicking on register link : [[ChromeDriver: chrome on windows (519b09a76688fd09bf7fcfdf98d4167b)] -> link text: Register]
2024-06-24 20:06:730 INFO  HomePage :34 - Clicking on register link : [[ChromeDriver: chrome on windows (9510f6f29d97ad5f504ed4759aaf0648)] -> link text: Register]
2024-06-24 20:06:928 INFO  HomePage :20 - Get computers text[[ChromeDriver: chrome on windows (df5ffa6e5e36ff029af2ae380b34926f)] -> link text: Computers]
2024-06-24 20:06:234 INFO  HomePage :29 - Clicking on login link : [[ChromeDriver: chrome on windows (816a9ed1c005b70af1fc47d5eb984de0)] -> link text: Log in]
2024-06-24 20:06:269 INFO  LoginPage :44 - Getting text from : [[ChromeDriver: chrome on windows (816a9ed1c005b70af1fc47d5eb984de0)] -> xpath: //h1[contains(text(),'Welcome, Please Sign In!')]]
2024-06-24 20:06:938 INFO  HomePage :34 - Clicking on register link : [[ChromeDriver: chrome on windows (44810a5026fb608bb6d4710e99de2a81)] -> link text: Register]
2024-06-24 20:06:329 INFO  HomePage :20 - Get computers text[[ChromeDriver: chrome on windows (8acdc8fd1a9b1c0a34dc396e391c8ff6)] -> link text: Computers]
2024-06-24 20:06:502 INFO  HomePage :25 - Click on desktop[[ChromeDriver: chrome on windows (d4b16e291bd8b66a031c666d69a02c1d)] -> xpath: //a[text()=' Desktops ']]
2024-06-24 20:06:981 INFO  HomePage :21 - Get desktop text[[ChromeDriver: chrome on windows (d4b16e291bd8b66a031c666d69a02c1d)] -> link text: Desktops]
2024-06-24 20:06:646 INFO  HomePage :29 - Clicking on login link : [[ChromeDriver: chrome on windows (ad937041482fa2c88ad8e45f72c173ce)] -> link text: Log in]
2024-06-24 20:06:705 INFO  LoginPage :44 - Getting text from : [[ChromeDriver: chrome on windows (ad937041482fa2c88ad8e45f72c173ce)] -> xpath: //h1[contains(text(),'Welcome, Please Sign In!')]]
2024-06-24 20:06:538 INFO  HomePage :29 - Clicking on login link : [[ChromeDriver: chrome on windows (94001044af4922f8232752f55c629ced)] -> link text: Log in]
2024-06-24 20:06:305 INFO  HomePage :34 - Clicking on register link : [[ChromeDriver: chrome on windows (08ade0a426af228baf6d56dd70fe7963)] -> link text: Register]
2024-06-24 20:06:490 INFO  HomePage :34 - Clicking on register link : [[ChromeDriver: chrome on windows (1eb4a44752cd326162966d2990c00552)] -> link text: Register]
